<?xml version="1.0" encoding="UTF-8"?>
<!-- Generated by org.testng.reporters.JUnitXMLReporter -->
<testsuite ignored="0" hostname="Kaustav" failures="0" tests="2" name="Validating Messages displayed in the Page" time="19.0" errors="0" timestamp="2021-09-24T18:20:34 IST">
  <testcase classname="urbanLadder.TrackOrder" name="validateButton" time="8.619"/>
  <testcase classname="urbanLadder.TrackOrder" name="validateButton" time="6.399"/>
</testsuite> <!-- Validating Messages displayed in the Page -->
